#
# There is insufficient memory for the Java Runtime Environment to continue.
# Native memory allocation (malloc) failed to allocate 1073741824 bytes for committing reserved memory.
# Possible reasons:
#   The system is out of physical RAM or swap space
#   In 32 bit mode, the process size limit was hit
# Possible solutions:
#   Reduce memory load on the system
#   Increase physical memory or swap space
#   Check if swap backing store is full
#   Use 64 bit Java on a 64 bit OS
#   Decrease Java heap size (-Xmx/-Xms)
#   Decrease number of Java threads
#   Decrease Java thread stack sizes (-Xss)
#   Set larger code cache with -XX:ReservedCodeCacheSize=
# This output file may be truncated or incomplete.
#
#  Out of Memory Error (os_linux.cpp:2726), pid=30745, tid=3062483824
#
# JRE version:  (7.0_55-b13) (build )
# Java VM: Java HotSpot(TM) Server VM (24.55-b03 mixed mode linux-x86 )
# Failed to write core dump. Core dumps have been disabled. To enable core dumping, try "ulimit -c unlimited" before starting Java again
#

---------------  T H R E A D  ---------------

Current thread (0x089b4400):  JavaThread "Unknown thread" [_thread_in_vm, id=30751, stack(0xb684c000,0xb689d000)]

Stack: [0xb684c000,0xb689d000],  sp=0xb689bb30,  free space=318k
Native frames: (J=compiled Java code, j=interpreted, Vv=VM code, C=native code)
V  [libjvm.so+0x7dcc36]  VMError::report_and_die()+0x1a6
V  [libjvm.so+0x33a652]  report_vm_out_of_memory(char const*, int, unsigned int, char const*)+0x72
V  [libjvm.so+0x67bf81]  os::Linux::commit_memory_impl(char*, unsigned int, bool)+0xe1
V  [libjvm.so+0x67c3d7]  os::Linux::commit_memory_impl(char*, unsigned int, unsigned int, bool)+0x47
V  [libjvm.so+0x67c5bd]  os::pd_commit_memory(char*, unsigned int, unsigned int, bool)+0x1d
V  [libjvm.so+0x675fec]  os::commit_memory(char*, unsigned int, unsigned int, bool)+0x2c
V  [libjvm.so+0x6df508]  PSVirtualSpace::expand_by(unsigned int)+0x48
V  [libjvm.so+0x6d155d]  PSOldGen::initialize(ReservedSpace, unsigned int, char const*, int)+0x7d
V  [libjvm.so+0x186856]  AdjoiningGenerations::AdjoiningGenerations(ReservedSpace, unsigned int, unsigned int, unsigned int, unsigned int, unsigned int, unsigned int, unsigned int)+0x2a6
V  [libjvm.so+0x69b311]  ParallelScavengeHeap::initialize()+0x401
V  [libjvm.so+0x7b0c74]  Universe::initialize_heap()+0xa4
V  [libjvm.so+0x7b22a5]  universe_init()+0x55
V  [libjvm.so+0x44a005]  init_globals()+0x55
V  [libjvm.so+0x79b010]  Threads::create_vm(JavaVMInitArgs*, bool*)+0x200
V  [libjvm.so+0x4bc1cc]  JNI_CreateJavaVM+0x5c
C  [libjli.so+0x2668]  JavaMain+0x98
C  [libpthread.so.0+0x5c39]  start_thread+0xc9


---------------  P R O C E S S  ---------------

Java Threads: ( => current thread )

Other Threads:

=>0x089b4400 (exited) JavaThread "Unknown thread" [_thread_in_vm, id=30751, stack(0xb684c000,0xb689d000)]

VM state:not at safepoint (not fully initialized)

VM Mutex/Monitor currently owned by a thread: None

GC Heap History (0 events):
No events

Deoptimization events (0 events):
No events

Internal exceptions (0 events):
No events

Events (0 events):
No events


Dynamic libraries:
08048000-08049000 r-xp 00000000 08:01 1059448    /usr/lib/jvm/java-7-oracle/jre/bin/java
08049000-0804a000 rw-p 00000000 08:01 1059448    /usr/lib/jvm/java-7-oracle/jre/bin/java
089ac000-089cd000 rw-p 00000000 00:00 0          [heap]
320bf000-3237f000 rw-p 00000000 00:00 0 
3237f000-32480000 rw-p 00000000 00:00 0 
32480000-4a480000 rw-p 00000000 00:00 0 
8a265000-aa480000 rw-p 00000000 00:00 0 
aa4bc000-aa4c6000 rw-p 00000000 00:00 0 
aa4c6000-aa7bd000 rw-p 00000000 00:00 0 
aa7bd000-aa9fd000 rwxp 00000000 00:00 0 
aa9fd000-b67bd000 rw-p 00000000 00:00 0 
b67bd000-b67d4000 r-xp 00000000 08:01 1060196    /usr/lib/jvm/java-7-oracle/jre/lib/i386/libzip.so
b67d4000-b67d5000 rw-p 00017000 08:01 1060196    /usr/lib/jvm/java-7-oracle/jre/lib/i386/libzip.so
b67d5000-b67df000 r-xp 00000000 08:01 390922     /lib/i386-linux-gnu/i686/cmov/libnss_files-2.13.so
b67df000-b67e0000 r--p 00009000 08:01 390922     /lib/i386-linux-gnu/i686/cmov/libnss_files-2.13.so
b67e0000-b67e1000 rw-p 0000a000 08:01 390922     /lib/i386-linux-gnu/i686/cmov/libnss_files-2.13.so
b67e1000-b67ea000 r-xp 00000000 08:01 390921     /lib/i386-linux-gnu/i686/cmov/libnss_nis-2.13.so
b67ea000-b67eb000 r--p 00008000 08:01 390921     /lib/i386-linux-gnu/i686/cmov/libnss_nis-2.13.so
b67eb000-b67ec000 rw-p 00009000 08:01 390921     /lib/i386-linux-gnu/i686/cmov/libnss_nis-2.13.so
b67ec000-b67ff000 r-xp 00000000 08:01 390931     /lib/i386-linux-gnu/i686/cmov/libnsl-2.13.so
b67ff000-b6800000 r--p 00012000 08:01 390931     /lib/i386-linux-gnu/i686/cmov/libnsl-2.13.so
b6800000-b6801000 rw-p 00013000 08:01 390931     /lib/i386-linux-gnu/i686/cmov/libnsl-2.13.so
b6801000-b6803000 rw-p 00000000 00:00 0 
b6803000-b6809000 r-xp 00000000 08:01 390917     /lib/i386-linux-gnu/i686/cmov/libnss_compat-2.13.so
b6809000-b680a000 r--p 00005000 08:01 390917     /lib/i386-linux-gnu/i686/cmov/libnss_compat-2.13.so
b680a000-b680b000 rw-p 00006000 08:01 390917     /lib/i386-linux-gnu/i686/cmov/libnss_compat-2.13.so
b6817000-b681f000 rw-s 00000000 00:12 1294033    /tmp/hsperfdata_bip/30745
b681f000-b6842000 r-xp 00000000 08:01 1060234    /usr/lib/jvm/java-7-oracle/jre/lib/i386/libjava.so
b6842000-b6843000 rw-p 00022000 08:01 1060234    /usr/lib/jvm/java-7-oracle/jre/lib/i386/libjava.so
b6843000-b684a000 r-xp 00000000 08:01 390923     /lib/i386-linux-gnu/i686/cmov/librt-2.13.so
b684a000-b684b000 r--p 00006000 08:01 390923     /lib/i386-linux-gnu/i686/cmov/librt-2.13.so
b684b000-b684c000 rw-p 00007000 08:01 390923     /lib/i386-linux-gnu/i686/cmov/librt-2.13.so
b684c000-b684f000 ---p 00000000 00:00 0 
b684f000-b689d000 rw-p 00000000 00:00 0 
b689d000-b68c1000 r-xp 00000000 08:01 390920     /lib/i386-linux-gnu/i686/cmov/libm-2.13.so
b68c1000-b68c2000 r--p 00023000 08:01 390920     /lib/i386-linux-gnu/i686/cmov/libm-2.13.so
b68c2000-b68c3000 rw-p 00024000 08:01 390920     /lib/i386-linux-gnu/i686/cmov/libm-2.13.so
b68c3000-b713a000 r-xp 00000000 08:01 1060236    /usr/lib/jvm/java-7-oracle/jre/lib/i386/server/libjvm.so
b713a000-b719e000 rw-p 00877000 08:01 1060236    /usr/lib/jvm/java-7-oracle/jre/lib/i386/server/libjvm.so
b719e000-b75c2000 rw-p 00000000 00:00 0 
b75c2000-b771f000 r-xp 00000000 08:01 390938     /lib/i386-linux-gnu/i686/cmov/libc-2.13.so
b771f000-b7720000 ---p 0015d000 08:01 390938     /lib/i386-linux-gnu/i686/cmov/libc-2.13.so
b7720000-b7722000 r--p 0015d000 08:01 390938     /lib/i386-linux-gnu/i686/cmov/libc-2.13.so
b7722000-b7723000 rw-p 0015f000 08:01 390938     /lib/i386-linux-gnu/i686/cmov/libc-2.13.so
b7723000-b7726000 rw-p 00000000 00:00 0 
b7726000-b7728000 r-xp 00000000 08:01 390926     /lib/i386-linux-gnu/i686/cmov/libdl-2.13.so
b7728000-b7729000 r--p 00001000 08:01 390926     /lib/i386-linux-gnu/i686/cmov/libdl-2.13.so
b7729000-b772a000 rw-p 00002000 08:01 390926     /lib/i386-linux-gnu/i686/cmov/libdl-2.13.so
b772a000-b772b000 rw-p 00000000 00:00 0 
b772b000-b773e000 r-xp 00000000 08:01 1060210    /usr/lib/jvm/java-7-oracle/jre/lib/i386/jli/libjli.so
b773e000-b773f000 rw-p 00012000 08:01 1060210    /usr/lib/jvm/java-7-oracle/jre/lib/i386/jli/libjli.so
b773f000-b7754000 r-xp 00000000 08:01 390937     /lib/i386-linux-gnu/i686/cmov/libpthread-2.13.so
b7754000-b7755000 r--p 00014000 08:01 390937     /lib/i386-linux-gnu/i686/cmov/libpthread-2.13.so
b7755000-b7756000 rw-p 00015000 08:01 390937     /lib/i386-linux-gnu/i686/cmov/libpthread-2.13.so
b7756000-b7758000 rw-p 00000000 00:00 0 
b775e000-b775f000 rw-p 00000000 00:00 0 
b775f000-b7760000 r--p 00000000 00:00 0 
b7760000-b776b000 r-xp 00000000 08:01 1060177    /usr/lib/jvm/java-7-oracle/jre/lib/i386/libverify.so
b776b000-b776c000 rw-p 0000b000 08:01 1060177    /usr/lib/jvm/java-7-oracle/jre/lib/i386/libverify.so
b776c000-b776e000 rw-p 00000000 00:00 0 
b776e000-b776f000 r-xp 00000000 00:00 0          [vdso]
b776f000-b778b000 r-xp 00000000 08:01 395106     /lib/i386-linux-gnu/ld-2.13.so
b778b000-b778c000 r--p 0001b000 08:01 395106     /lib/i386-linux-gnu/ld-2.13.so
b778c000-b778d000 rw-p 0001c000 08:01 395106     /lib/i386-linux-gnu/ld-2.13.so
bf7fe000-bf81f000 rw-p 00000000 00:00 0          [stack]

VM Arguments:
jvm_args: -Xms1536m -Xmx1536m -XX:MaxPermSize=384m -XX:ReservedCodeCacheSize=192m 
java_command: /usr/lib/sbt/sbt-launch.jar
Launcher Type: SUN_STANDARD

Environment Variables:
JAVA_HOME=/usr/lib/jvm/java-7-oracle
CLASSPATH=/home/bip/Programs/idea-IU-135.480/bin/../lib/bootstrap.jar:/home/bip/Programs/idea-IU-135.480/bin/../lib/extensions.jar:/home/bip/Programs/idea-IU-135.480/bin/../lib/util.jar:/home/bip/Programs/idea-IU-135.480/bin/../lib/jdom.jar:/home/bip/Programs/idea-IU-135.480/bin/../lib/log4j.jar:/home/bip/Programs/idea-IU-135.480/bin/../lib/trove4j.jar:/home/bip/Programs/idea-IU-135.480/bin/../lib/jna.jar:/usr/lib/jvm/java-7-oracle/lib/tools.jar
PATH=/usr/local/bin:/usr/bin:/bin:/usr/local/games:/usr/games:/usr/lib/jvm/java-7-oracle/bin:/usr/lib/jvm/java-7-oracle/db/bin:/usr/lib/jvm/java-7-oracle/jre/bin
USERNAME=bip
LD_LIBRARY_PATH=/home/bip/Programs/idea-IU-135.480/bin:
SHELL=/bin/bash
DISPLAY=:0

Signal Handlers:
SIGSEGV: [libjvm.so+0x7dd750], sa_mask[0]=0x7ffbfeff, sa_flags=0x10000004
SIGBUS: [libjvm.so+0x7dd750], sa_mask[0]=0x7ffbfeff, sa_flags=0x10000004
SIGFPE: [libjvm.so+0x678ec0], sa_mask[0]=0x7ffbfeff, sa_flags=0x10000004
SIGPIPE: [libjvm.so+0x678ec0], sa_mask[0]=0x7ffbfeff, sa_flags=0x10000004
SIGXFSZ: [libjvm.so+0x678ec0], sa_mask[0]=0x7ffbfeff, sa_flags=0x10000004
SIGILL: [libjvm.so+0x678ec0], sa_mask[0]=0x7ffbfeff, sa_flags=0x10000004
SIGUSR1: SIG_DFL, sa_mask[0]=0x00000000, sa_flags=0x00000000
SIGUSR2: [libjvm.so+0x67a3b0], sa_mask[0]=0x00000004, sa_flags=0x10000004
SIGHUP: SIG_DFL, sa_mask[0]=0x00000000, sa_flags=0x00000000
SIGINT: SIG_DFL, sa_mask[0]=0x00000000, sa_flags=0x00000000
SIGTERM: SIG_DFL, sa_mask[0]=0x00000000, sa_flags=0x00000000
SIGQUIT: SIG_DFL, sa_mask[0]=0x00000000, sa_flags=0x00000000


---------------  S Y S T E M  ---------------

OS:7.5

uname:Linux 3.2.0-4-686-pae #1 SMP Debian 3.2.54-2 i686
libc:glibc 2.13 NPTL 2.13 
rlimit: STACK 8192k, CORE 0k, NPROC 31522, NOFILE 4096, AS infinity
load average:0.46 0.45 0.51

/proc/meminfo:
MemTotal:        4045240 kB
MemFree:          396488 kB
Buffers:           15988 kB
Cached:           686420 kB
SwapCached:        18192 kB
Active:          2372840 kB
Inactive:        1077820 kB
Active(anon):    2178280 kB
Inactive(anon):   749580 kB
Active(file):     194560 kB
Inactive(file):   328240 kB
Unevictable:          40 kB
Mlocked:              40 kB
HighTotal:       3181216 kB
HighFree:          51216 kB
LowTotal:         864024 kB
LowFree:          345272 kB
SwapTotal:        524284 kB
SwapFree:         296412 kB
Dirty:              2908 kB
Writeback:             0 kB
AnonPages:       2739212 kB
Mapped:           122044 kB
Shmem:            179608 kB
Slab:              83012 kB
SReclaimable:      60424 kB
SUnreclaim:        22588 kB
KernelStack:        4368 kB
PageTables:        17696 kB
NFS_Unstable:          0 kB
Bounce:                0 kB
WritebackTmp:          0 kB
CommitLimit:     2546904 kB
Committed_AS:    8406200 kB
VmallocTotal:     122880 kB
VmallocUsed:       24344 kB
VmallocChunk:      57920 kB
HardwareCorrupted:     0 kB
AnonHugePages:         0 kB
HugePages_Total:       0
HugePages_Free:        0
HugePages_Rsvd:        0
HugePages_Surp:        0
Hugepagesize:       2048 kB
DirectMap4k:       10232 kB
DirectMap2M:      901120 kB


CPU:total 2 (2 cores per cpu, 1 threads per core) family 6 model 23 stepping 10, cmov, cx8, fxsr, mmx, sse, sse2, sse3, ssse3, sse4.1, tsc

/proc/cpuinfo:
processor	: 0
vendor_id	: GenuineIntel
cpu family	: 6
model		: 23
model name	: Intel(R) Core(TM)2 Duo CPU     P9300  @ 2.26GHz
stepping	: 10
microcode	: 0xa07
cpu MHz		: 2266.000
cache size	: 6144 KB
physical id	: 0
siblings	: 2
core id		: 0
cpu cores	: 2
apicid		: 0
initial apicid	: 0
fdiv_bug	: no
hlt_bug		: no
f00f_bug	: no
coma_bug	: no
fpu		: yes
fpu_exception	: yes
cpuid level	: 13
wp		: yes
flags		: fpu vme de pse tsc msr pae mce cx8 apic sep mtrr pge mca cmov pat pse36 clflush dts acpi mmx fxsr sse sse2 ss ht tm pbe nx lm constant_tsc arch_perfmon pebs bts aperfmperf pni dtes64 monitor ds_cpl vmx smx est tm2 ssse3 cx16 xtpr pdcm sse4_1 xsave lahf_lm ida dtherm tpr_shadow vnmi flexpriority
bogomips	: 4521.90
clflush size	: 64
cache_alignment	: 64
address sizes	: 36 bits physical, 48 bits virtual
power management:

processor	: 1
vendor_id	: GenuineIntel
cpu family	: 6
model		: 23
model name	: Intel(R) Core(TM)2 Duo CPU     P9300  @ 2.26GHz
stepping	: 10
microcode	: 0xa07
cpu MHz		: 2267.000
cache size	: 6144 KB
physical id	: 0
siblings	: 2
core id		: 1
cpu cores	: 2
apicid		: 1
initial apicid	: 1
fdiv_bug	: no
hlt_bug		: no
f00f_bug	: no
coma_bug	: no
fpu		: yes
fpu_exception	: yes
cpuid level	: 13
wp		: yes
flags		: fpu vme de pse tsc msr pae mce cx8 apic sep mtrr pge mca cmov pat pse36 clflush dts acpi mmx fxsr sse sse2 ss ht tm pbe nx lm constant_tsc arch_perfmon pebs bts aperfmperf pni dtes64 monitor ds_cpl vmx smx est tm2 ssse3 cx16 xtpr pdcm sse4_1 xsave lahf_lm ida dtherm tpr_shadow vnmi flexpriority
bogomips	: 4521.90
clflush size	: 64
cache_alignment	: 64
address sizes	: 36 bits physical, 48 bits virtual
power management:



Memory: 4k page, physical 4045240k(396488k free), swap 524284k(296412k free)

vm_info: Java HotSpot(TM) Server VM (24.55-b03) for linux-x86 JRE (1.7.0_55-b13), built on Mar 17 2014 19:41:29 by "java_re" with gcc 4.3.0 20080428 (Red Hat 4.3.0-8)

time: Mon Apr 28 22:09:09 2014
elapsed time: 0 seconds

